2020-09-29 06:29:42,101:INFO:PyCaret Classification Module
2020-09-29 06:29:42,102:INFO:version 2.1.2
2020-09-29 06:29:42,102:INFO:Initializing setup()
2020-09-29 06:29:42,102:INFO:USI: 6bc8
2020-09-29 06:29:42,102:INFO:setup(data=(375, 78), target=outcome, train_size=0.7, sampling=True, sample_estimator=None, categorical_features=None, categorical_imputation=constant, ordinal_features=None,
                    high_cardinality_features=None, high_cardinality_method=frequency, numeric_features=None, numeric_imputation=mean, date_features=None, ignore_features=None, normalize=False,
                    normalize_method=zscore, transformation=False, transformation_method=yeo-johnson, handle_unknown_categorical=True, unknown_categorical_method=least_frequent, pca=False, pca_method=linear,
                    pca_components=None, ignore_low_variance=False, combine_rare_levels=False, rare_level_threshold=0.1, bin_numeric_features=None, remove_outliers=False, outliers_threshold=0.05,
                    remove_multicollinearity=False, multicollinearity_threshold=0.9, remove_perfect_collinearity=False, create_clusters=False, cluster_iter=20,
                    polynomial_features=False, polynomial_degree=2, trigonometry_features=False, polynomial_threshold=0.1, group_features=None,
                    group_names=None, feature_selection=False, feature_selection_threshold=0.8, feature_interaction=False, feature_ratio=False, interaction_threshold=0.01,
                    fix_imbalance=False, fix_imbalance_method=None, data_split_shuffle=True, folds_shuffle=False, n_jobs=-1, html=True, session_id=None, log_experiment=False,
                    experiment_name=None, log_plots=False, log_profile=False, log_data=False, silent=False, verbose=True, profile=False)
2020-09-29 06:29:42,102:INFO:Checking environment
2020-09-29 06:29:42,102:INFO:python_version: 3.7.7
2020-09-29 06:29:42,103:INFO:python_build: ('default', 'Mar 26 2020 10:35:24')
2020-09-29 06:29:42,134:INFO:machine: x86_64
2020-09-29 06:29:42,156:INFO:platform: Darwin-19.4.0-x86_64-i386-64bit
2020-09-29 06:29:42,157:WARNING:cannot find psutil installation. memory not traceable. Install psutil using pip to enable memory logging. 
2020-09-29 06:29:42,157:INFO:Checking libraries
2020-09-29 06:29:42,157:INFO:pd==1.1.2
2020-09-29 06:29:42,157:INFO:numpy==1.19.1
2020-09-29 06:29:42,157:INFO:sklearn==0.23.2
2020-09-29 06:29:42,158:INFO:xgboost==1.2.0
2020-09-29 06:29:42,205:INFO:lightgbm==3.0.0
2020-09-29 06:29:42,246:INFO:catboost==0.24
2020-09-29 06:29:42,778:INFO:mlflow==1.2.0
2020-09-29 06:29:42,778:INFO:Checking Exceptions
2020-09-29 06:29:42,778:INFO:Preloading libraries
2020-09-29 06:29:42,778:INFO:Preparing display monitor
2020-09-29 06:29:42,792:INFO:Importing libraries
2020-09-29 06:29:42,969:INFO:Declaring global variables
2020-09-29 06:29:42,969:INFO:Copying data for preprocessing
2020-09-29 06:29:42,972:INFO:Declaring preprocessing parameters
2020-09-29 06:29:42,972:INFO:Importing preprocessing module
2020-09-29 06:29:44,118:INFO:Creating preprocessing pipeline
2020-09-29 06:30:27,360:INFO:Preprocessing pipeline created successfully
2020-09-29 06:30:27,360:INFO:Creating grid variables
2020-09-29 06:30:27,362:INFO:Creating global containers
2020-09-29 06:30:27,374:INFO:create_model_container 0
2020-09-29 06:30:27,374:INFO:master_model_container 0
2020-09-29 06:30:27,374:INFO:display_container 0
2020-09-29 06:30:27,380:INFO:Pipeline(memory=None,
         steps=[('dtypes',
                 DataTypes_Auto_infer(categorical_features=[],
                                      display_types=True, features_todrop=[],
                                      ml_usecase='classification',
                                      numerical_features=[], target='outcome',
                                      time_features=[])),
                ('imputer',
                 Simple_Imputer(categorical_strategy='not_available',
                                numeric_strategy='mean',
                                target_variable=None)),
                ('new_levels1',
                 New_Catagorical_Le...
                ('group', Empty()), ('nonliner', Empty()), ('scaling', Empty()),
                ('P_transform', Empty()), ('pt_target', Empty()),
                ('binn', Empty()), ('rem_outliers', Empty()),
                ('cluster_all', Empty()), ('dummy', Dummify(target='outcome')),
                ('fix_perfect', Empty()), ('clean_names', Clean_Colum_Names()),
                ('feature_select', Empty()), ('fix_multi', Empty()),
                ('dfs', Empty()), ('pca', Empty())],
         verbose=False)
2020-09-29 06:30:27,380:INFO:setup() succesfully completed......................................
2020-09-29 06:30:35,461:INFO:Initializing compare_models()
2020-09-29 06:30:35,462:INFO:compare_models(exclude=None, include=None, fold=10, round=4, sort=Recall, n_select=1, turbo=True, verbose=True)
2020-09-29 06:30:35,462:INFO:Checking exceptions
2020-09-29 06:30:35,463:INFO:Preloading libraries
2020-09-29 06:30:35,463:INFO:Preparing display monitor
